<?xml version="1.0" encoding="UTF-8"?>
<!-- Generated by org.testng.reporters.JUnitReportReporter -->
<testsuite hostname="HP250G7" failures="0" tests="2" name="getRequest.getOutputList" time="3.278" errors="0" timestamp="2020-08-23T23:07:38 IST" skipped="0">
  <testcase classname="getRequest.getOutputList" name="getfinanceyear" time="0.730"/>
  <system-out/>
  <testcase classname="getRequest.getOutputList" name="getOutputDetails" time="2.548"/>
  <system-out/>
</testsuite> <!-- getRequest.getOutputList -->
