<?xml version="1.0" encoding="UTF-8"?>
<!-- Generated by org.testng.reporters.JUnitReportReporter -->
<testsuite hostname="HP250G7" failures="0" tests="1" name="postRequest.Login" time="6.241" errors="0" timestamp="2020-08-26T15:02:10 IST" skipped="0">
  <testcase classname="postRequest.Login" name="postLogin" time="6.241"/>
  <system-out/>
</testsuite> <!-- postRequest.Login -->
