<?xml version="1.0" encoding="UTF-8"?>
<!-- Generated by org.testng.reporters.JUnitReportReporter -->
<testsuite hostname="HP250G7" failures="0" tests="9" name="getRequest.getMaster" time="9.368" errors="0" timestamp="2020-08-24T22:48:07 IST" skipped="0">
  <testcase classname="getRequest.getMaster" name="getOutputlist" time="2.202"/>
  <system-out/>
  <testcase classname="getRequest.getMaster" name="getOutcomelist" time="0.665"/>
  <system-out/>
  <testcase classname="getRequest.getMaster" name="getProgramlist" time="0.749"/>
  <system-out/>
  <testcase classname="getRequest.getMaster" name="getFinanceyear" time="0.675"/>
  <system-out/>
  <testcase classname="getRequest.getMaster" name="getCompanyBudgetlist" time="2.433"/>
  <system-out/>
  <testcase classname="getRequest.getMaster" name="getNgopartnerlist" time="0.633"/>
  <system-out/>
  <testcase classname="getRequest.getMaster" name="getCompanylist" time="0.634"/>
  <system-out/>
  <testcase classname="getRequest.getMaster" name="getThrustArealist" time="0.727"/>
  <system-out/>
  <testcase classname="getRequest.getMaster" name="getOutreachist" time="0.650"/>
  <system-out/>
</testsuite> <!-- getRequest.getMaster -->
