<?xml version="1.0" encoding="UTF-8"?>
<!-- Generated by org.testng.reporters.JUnitReportReporter -->
<testsuite hostname="HP250G7" failures="0" tests="1" name="main.BaseClass" time="9.318" errors="0" timestamp="2020-08-26T16:46:13 IST" skipped="0">
  <testcase classname="main.BaseClass" name="runRequest" time="9.318"/>
  <system-out/>
</testsuite> <!-- main.BaseClass -->
