<?xml version="1.0" encoding="UTF-8"?>
<!-- Generated by org.testng.reporters.JUnitReportReporter -->
<testsuite hostname="HP250G7" failures="0" tests="9" name="getRequest.Master" time="6.920" errors="0" timestamp="2020-08-26T15:10:10 IST" skipped="0">
  <testcase classname="getRequest.Master" name="getOutcomelist" time="0.562"/>
  <system-out/>
  <testcase classname="getRequest.Master" name="getOutreachist" time="0.569"/>
  <system-out/>
  <testcase classname="getRequest.Master" name="getCompanylist" time="2.228"/>
  <system-out/>
  <testcase classname="getRequest.Master" name="getOutputlist" time="0.604"/>
  <system-out/>
  <testcase classname="getRequest.Master" name="getFinanceyear" time="0.592"/>
  <system-out/>
  <testcase classname="getRequest.Master" name="getProgramlist" time="0.612"/>
  <system-out/>
  <testcase classname="getRequest.Master" name="getThrustArealist" time="0.564"/>
  <system-out/>
  <testcase classname="getRequest.Master" name="getNgopartnerlist" time="0.535"/>
  <system-out/>
  <testcase classname="getRequest.Master" name="getCompanyBudgetlist" time="0.654"/>
  <system-out/>
</testsuite> <!-- getRequest.Master -->
